<?xml version="1.0" encoding="UTF-8"?>
<coverage generated="1688918314388" clover="3.2.0">
  <project timestamp="1688918314388" name="All files">
    <metrics statements="10" coveredstatements="0" conditionals="2" coveredconditionals="0" methods="4" coveredmethods="0" elements="16" coveredelements="0" complexity="0" loc="10" ncloc="10" packages="1" files="1" classes="1"/>
    <file name="useMediaQuery.ts" path="C:\Users\33765\Desktop\MyProject\ReactFitness\ReactWithTest\src\hooks\useMediaQuery.ts">
      <metrics statements="10" coveredstatements="0" conditionals="2" coveredconditionals="0" methods="4" coveredmethods="0"/>
      <line num="3" count="0" type="stmt"/>
      <line num="4" count="0" type="stmt"/>
      <line num="6" count="0" type="stmt"/>
      <line num="7" count="0" type="stmt"/>
      <line num="8" count="0" type="cond" truecount="0" falsecount="2"/>
      <line num="9" count="0" type="stmt"/>
      <line num="11" count="0" type="stmt"/>
      <line num="12" count="0" type="stmt"/>
      <line num="13" count="0" type="stmt"/>
      <line num="16" count="0" type="stmt"/>
    </file>
  </project>
</coverage>
